<?xml version="1.0" encoding="UTF-8"?>
<!-- Generated by org.testng.reporters.JUnitXMLReporter -->
<testsuite hostname="CEDT200287" ignored="2" name="Default test(failed)" tests="3" failures="0" timestamp="12 Aug 2022 07:15:36 GMT" time="0.738" errors="0">
  <testcase name="@BeforeClass setup" time="0.0" classname="com.testCases.BaseClass">
    <failure type="org.testng.TestNGException" message="
Parameter &amp;apos;browser&amp;apos; is required by BeforeClass on method setup but has not been marked @Optional or defined
in D:\Test\Assignment\SponsorAChild110822\test-output\testng-failed.xml">
      <![CDATA[org.testng.TestNGException: 
Parameter 'browser' is required by BeforeClass on method setup but has not been marked @Optional or defined
in D:\Test\Assignment\SponsorAChild110822\test-output\testng-failed.xml
... Removed 23 stack frames]]>
    </failure>
  </testcase> <!-- @BeforeClass setup -->
  <testcase name="@AfterClass tearDwon" time="0.0" classname="com.testCases.BaseClass">
    <skipped/>
  </testcase> <!-- @AfterClass tearDwon -->
  <testcase name="loginDDT0" time="0.0" classname="com.testCases.TC01">
    <skipped/>
  </testcase> <!-- loginDDT0 -->
  <testcase name="loginDDT0" time="0.0" classname="com.testCases.TC01">
    <skipped/>
  </testcase> <!-- loginDDT0 -->
  <testcase name="loginDDT0" time="0.0" classname="com.testCases.TC01">
    <skipped/>
  </testcase> <!-- loginDDT0 -->
  <testcase name="loginDDT" time="0.0" classname="com.testCases.TC01">
    <ignored/>
  </testcase> <!-- loginDDT -->
  <testcase name="loginTest" time="0.0" classname="com.testCases.TC01">
    <ignored/>
  </testcase> <!-- loginTest -->
</testsuite> <!-- Default test(failed) -->
